Using pre-set license
Built from '2021.3/staging' branch; Version is '2021.3.16f1 (4016570cf34f) revision 4200023'; Using compiler version '192829333'; Build Type 'Release'
OS: 'Windows 10  (10.0.19045) 64bit Professional' Language: 'ru' Physical Memory: 32651 MB
BatchMode: 1, IsHumanControllingUs: 0, StartBugReporterOnCrash: 0, Is64bit: 1, IsPro: 1

COMMAND LINE ARGUMENTS:
C:\Program Files\Unity\Hub\Editor\2021.3.16f1\Editor\Unity.exe
-adb2
-batchMode
-noUpm
-name
AssetImportWorker3
-projectPath
C:/Users/laela/mobil
-logFile
Logs/AssetImportWorker3.log
-srvPort
53138
Successfully changed project path to: C:/Users/laela/mobil
C:/Users/laela/mobil
[UnityMemory] Configuration Parameters - Can be set up in boot.config
    "memorysetup-bucket-allocator-granularity=16"
    "memorysetup-bucket-allocator-bucket-count=8"
    "memorysetup-bucket-allocator-block-size=33554432"
    "memorysetup-bucket-allocator-block-count=8"
    "memorysetup-main-allocator-block-size=16777216"
    "memorysetup-thread-allocator-block-size=16777216"
    "memorysetup-gfx-main-allocator-block-size=16777216"
    "memorysetup-gfx-thread-allocator-block-size=16777216"
    "memorysetup-cache-allocator-block-size=4194304"
    "memorysetup-typetree-allocator-block-size=2097152"
    "memorysetup-profiler-bucket-allocator-granularity=16"
    "memorysetup-profiler-bucket-allocator-bucket-count=8"
    "memorysetup-profiler-bucket-allocator-block-size=33554432"
    "memorysetup-profiler-bucket-allocator-block-count=8"
    "memorysetup-profiler-allocator-block-size=16777216"
    "memorysetup-profiler-editor-allocator-block-size=1048576"
    "memorysetup-temp-allocator-size-main=16777216"
    "memorysetup-job-temp-allocator-block-size=2097152"
    "memorysetup-job-temp-allocator-block-size-background=1048576"
    "memorysetup-job-temp-allocator-reduction-small-platforms=262144"
    "memorysetup-temp-allocator-size-background-worker=32768"
    "memorysetup-temp-allocator-size-job-worker=262144"
    "memorysetup-temp-allocator-size-preload-manager=33554432"
    "memorysetup-temp-allocator-size-nav-mesh-worker=65536"
    "memorysetup-temp-allocator-size-audio-worker=65536"
    "memorysetup-temp-allocator-size-cloud-worker=32768"
    "memorysetup-temp-allocator-size-gi-baking-worker=262144"
    "memorysetup-temp-allocator-size-gfx=262144"
Player connection [11932] Host "[IP] 192.168.1.106 [Port] 0 [Flags] 2 [Guid] 2300405026 [EditorId] 2300405026 [Version] 1048832 [Id] WindowsEditor(7,DESKTOP-9FFFAPQ) [Debug] 1 [PackageName] WindowsEditor [ProjectName] Editor" joined multi-casting on [225.0.0.222:54997]...

Player connection [11932] Host "[IP] 192.168.1.106 [Port] 0 [Flags] 2 [Guid] 2300405026 [EditorId] 2300405026 [Version] 1048832 [Id] WindowsEditor(7,DESKTOP-9FFFAPQ) [Debug] 1 [PackageName] WindowsEditor [ProjectName] Editor" joined alternative multi-casting on [225.0.0.222:34997]...

Refreshing native plugins compatible for Editor in 109.47 ms, found 3 plugins.
Preloading 0 native plugins for Editor in 0.00 ms.
Initialize engine version: 2021.3.16f1 (4016570cf34f)
[Subsystems] Discovering subsystems at path C:/Program Files/Unity/Hub/Editor/2021.3.16f1/Editor/Data/Resources/UnitySubsystems
[Subsystems] Discovering subsystems at path C:/Users/laela/mobil/Assets
GfxDevice: creating device client; threaded=0; jobified=0
Direct3D:
    Version:  Direct3D 11.0 [level 11.1]
    Renderer: AMD Radeon RX 6700 XT (ID=0x73df)
    Vendor:   ATI
    VRAM:     12243 MB
    Driver:   31.0.12027.9001
Initialize mono
Mono path[0] = 'C:/Program Files/Unity/Hub/Editor/2021.3.16f1/Editor/Data/Managed'
Mono path[1] = 'C:/Program Files/Unity/Hub/Editor/2021.3.16f1/Editor/Data/MonoBleedingEdge/lib/mono/unityjit-win32'
Mono config path = 'C:/Program Files/Unity/Hub/Editor/2021.3.16f1/Editor/Data/MonoBleedingEdge/etc'
Using monoOptions --debugger-agent=transport=dt_socket,embedding=1,server=y,suspend=n,address=127.0.0.1:56924
Begin MonoManager ReloadAssembly
Registering precompiled unity dll's ...
Register platform support module: C:/Program Files/Unity/Hub/Editor/2021.3.16f1/Editor/Data/PlaybackEngines/AndroidPlayer/UnityEditor.Android.Extensions.dll
Register platform support module: C:/Program Files/Unity/Hub/Editor/2021.3.16f1/Editor/Data/PlaybackEngines/WindowsStandaloneSupport/UnityEditor.WindowsStandalone.Extensions.dll
Registered in 0.006242 seconds.
Native extension for WindowsStandalone target not found
Native extension for Android target not found
Refreshing native plugins compatible for Editor in 66.94 ms, found 3 plugins.
Preloading 0 native plugins for Editor in 0.00 ms.
Mono: successfully reloaded assembly
- Completed reload, in  0.462 seconds
Domain Reload Profiling:
	ReloadAssembly (462ms)
		BeginReloadAssembly (51ms)
			ExecutionOrderSort (0ms)
			DisableScriptedObjects (0ms)
			BackupInstance (0ms)
			ReleaseScriptingObjects (0ms)
			CreateAndSetChildDomain (0ms)
		EndReloadAssembly (334ms)
			LoadAssemblies (50ms)
			RebuildTransferFunctionScriptingTraits (0ms)
			SetupTypeCache (72ms)
			ReleaseScriptCaches (0ms)
			RebuildScriptCaches (19ms)
			SetupLoadedEditorAssemblies (206ms)
				LogAssemblyErrors (0ms)
				InitializePlatformSupportModulesInManaged (40ms)
				SetLoadedEditorAssemblies (1ms)
				RefreshPlugins (67ms)
				BeforeProcessingInitializeOnLoad (1ms)
				ProcessInitializeOnLoadAttributes (66ms)
				ProcessInitializeOnLoadMethodAttributes (30ms)
				AfterProcessingInitializeOnLoad (0ms)
				EditorAssembliesLoaded (0ms)
			ExecutionOrderSort2 (0ms)
			AwakeInstancesAfterBackupRestoration (0ms)
Platform modules already initialized, skipping
Registering precompiled user dll's ...
Registered in 0.004629 seconds.
Begin MonoManager ReloadAssembly
Symbol file LoadedFromMemory doesn't match image C:\Users\laela\mobil\Library\PackageCache\com.unity.visualscripting@1.7.8\Editor\VisualScripting.Core\Dependencies\YamlDotNet\Unity.VisualScripting.YamlDotNet.dll
Symbol file LoadedFromMemory doesn't match image C:\Users\laela\mobil\Library\PackageCache\com.unity.visualscripting@1.7.8\Editor\VisualScripting.Core\Dependencies\DotNetZip\Unity.VisualScripting.IonicZip.dll
Native extension for WindowsStandalone target not found
Native extension for Android target not found
Refreshing native plugins compatible for Editor in 0.84 ms, found 3 plugins.
Preloading 0 native plugins for Editor in 0.00 ms.
Mono: successfully reloaded assembly
- Completed reload, in  0.856 seconds
Domain Reload Profiling:
	ReloadAssembly (857ms)
		BeginReloadAssembly (191ms)
			ExecutionOrderSort (0ms)
			DisableScriptedObjects (4ms)
			BackupInstance (0ms)
			ReleaseScriptingObjects (0ms)
			CreateAndSetChildDomain (127ms)
		EndReloadAssembly (584ms)
			LoadAssemblies (58ms)
			RebuildTransferFunctionScriptingTraits (0ms)
			SetupTypeCache (174ms)
			ReleaseScriptCaches (0ms)
			RebuildScriptCaches (35ms)
			SetupLoadedEditorAssemblies (287ms)
				LogAssemblyErrors (0ms)
				InitializePlatformSupportModulesInManaged (10ms)
				SetLoadedEditorAssemblies (0ms)
				RefreshPlugins (1ms)
				BeforeProcessingInitializeOnLoad (74ms)
				ProcessInitializeOnLoadAttributes (177ms)
				ProcessInitializeOnLoadMethodAttributes (18ms)
				AfterProcessingInitializeOnLoad (6ms)
				EditorAssembliesLoaded (0ms)
			ExecutionOrderSort2 (0ms)
			AwakeInstancesAfterBackupRestoration (4ms)
Platform modules already initialized, skipping
========================================================================
Worker process is ready to serve import requests
Launched and connected shader compiler UnityShaderCompiler.exe after 0.03 seconds
Refreshing native plugins compatible for Editor in 0.88 ms, found 3 plugins.
Preloading 0 native plugins for Editor in 0.00 ms.
Unloading 3361 Unused Serialized files (Serialized files now loaded: 0)
Unloading 27 unused Assets / (113.4 KB). Loaded Objects now: 3820.
Memory consumption went from 118.0 MB to 117.8 MB.
Total: 3.213800 ms (FindLiveObjects: 0.234600 ms CreateObjectMapping: 0.133600 ms MarkObjects: 2.738700 ms  DeleteObjects: 0.106000 ms)

AssetImportParameters requested are different than current active one (requested -> active):
  custom:video-decoder-ogg-theora: a1e56fd34408186e4bbccfd4996cb3dc -> 
  custom:container-muxer-webm: aa71ff27fc2769a1b78a27578f13a17b -> 
  custom:container-demuxer-webm: 4f35f7cbe854078d1ac9338744f61a02 -> 
  custom:video-encoder-webm-vp8: eb34c28f22e8b96e1ab97ce403110664 -> 
  custom:audio-encoder-webm-vorbis: bf7c407c2cedff20999df2af8eb42d56 -> 
  custom:framework-win-MediaFoundation: 216162199b28c13a410421893ffa2e32 -> 
  custom:container-demuxer-ogg: 62fdf1f143b41e24485cea50d1cbac27 -> 
  custom:video-decoder-webm-vp8: 9c59270c3fd7afecdb556c50c9e8de78 -> 
  custom:audio-decoder-ogg-vorbis: bf7c407c2cedff20999df2af8eb42d56 -> 
========================================================================
Received Import Request.
  Time since last request: 945280.561948 seconds.
  path: Assets/SimplePoly City - Low Poly Assets/Materials/Building Sky_big_color02.mat
  artifactKey: Guid(ba66acee62948c24baacd1186810d424) Importer(815301076,1909f56bfc062723c751e8b465ee728b)
Start importing Assets/SimplePoly City - Low Poly Assets/Materials/Building Sky_big_color02.mat using Guid(ba66acee62948c24baacd1186810d424) Importer(815301076,1909f56bfc062723c751e8b465ee728b)  -> (artifact id: 'b4826b549b074df2df68662ec6c6fab6') in 0.214127 seconds 
========================================================================
Received Import Request.
  Time since last request: 0.000020 seconds.
  path: Assets/SimplePoly City - Low Poly Assets/Materials/Building_Residential_color02.mat
  artifactKey: Guid(032dad8ae2ae60a4b9cb4d7267132a1d) Importer(815301076,1909f56bfc062723c751e8b465ee728b)
Start importing Assets/SimplePoly City - Low Poly Assets/Materials/Building_Residential_color02.mat using Guid(032dad8ae2ae60a4b9cb4d7267132a1d) Importer(815301076,1909f56bfc062723c751e8b465ee728b)  -> (artifact id: '39f4a356b2f92add77cf2d01fd86950c') in 0.023070 seconds 
========================================================================
Received Import Request.
  Time since last request: 0.000024 seconds.
  path: Assets/SimplePoly City - Low Poly Assets/Materials/Building Sky_big_color03.mat
  artifactKey: Guid(a1a61be9dd7e91b4faec2c4eb7ca4e8c) Importer(815301076,1909f56bfc062723c751e8b465ee728b)
Start importing Assets/SimplePoly City - Low Poly Assets/Materials/Building Sky_big_color03.mat using Guid(a1a61be9dd7e91b4faec2c4eb7ca4e8c) Importer(815301076,1909f56bfc062723c751e8b465ee728b)  -> (artifact id: '4216c379edea882cd624bafa5933aa78') in 0.024122 seconds 
========================================================================
Received Import Request.
  Time since last request: 0.000020 seconds.
  path: Assets/SimplePoly City - Low Poly Assets/Materials/Building_Bakery.mat
  artifactKey: Guid(0f42aff1d68094547961d46298d2dba2) Importer(815301076,1909f56bfc062723c751e8b465ee728b)
Start importing Assets/SimplePoly City - Low Poly Assets/Materials/Building_Bakery.mat using Guid(0f42aff1d68094547961d46298d2dba2) Importer(815301076,1909f56bfc062723c751e8b465ee728b)  -> (artifact id: '0b0ddce755d0e895cf7c2c16c378369d') in 0.023945 seconds 
========================================================================
Received Import Request.
  Time since last request: 0.000014 seconds.
  path: Assets/SimplePoly City - Low Poly Assets/Materials/Building_House_02_color03.mat
  artifactKey: Guid(c622c6f6cb906dd47b5fd1368346e0c8) Importer(815301076,1909f56bfc062723c751e8b465ee728b)
Start importing Assets/SimplePoly City - Low Poly Assets/Materials/Building_House_02_color03.mat using Guid(c622c6f6cb906dd47b5fd1368346e0c8) Importer(815301076,1909f56bfc062723c751e8b465ee728b)  -> (artifact id: '605595e661c336a3908737f148f4253b') in 0.021651 seconds 
========================================================================
Received Import Request.
  Time since last request: 0.000016 seconds.
  path: Assets/SimplePoly City - Low Poly Assets/Materials/Building_House_04_color03.mat
  artifactKey: Guid(ecb113d6169c1ea49ae708ac05a9128c) Importer(815301076,1909f56bfc062723c751e8b465ee728b)
Start importing Assets/SimplePoly City - Low Poly Assets/Materials/Building_House_04_color03.mat using Guid(ecb113d6169c1ea49ae708ac05a9128c) Importer(815301076,1909f56bfc062723c751e8b465ee728b)  -> (artifact id: 'dbba6b25ec6c56073a0639cce3f1c6b3') in 0.023027 seconds 
========================================================================
Received Import Request.
  Time since last request: 0.000017 seconds.
  path: Assets/SimplePoly City - Low Poly Assets/Materials/Building_House_03_color02.mat
  artifactKey: Guid(759ae00b1dd8b674794d18b46f674c55) Importer(815301076,1909f56bfc062723c751e8b465ee728b)
Start importing Assets/SimplePoly City - Low Poly Assets/Materials/Building_House_03_color02.mat using Guid(759ae00b1dd8b674794d18b46f674c55) Importer(815301076,1909f56bfc062723c751e8b465ee728b)  -> (artifact id: 'a7947c9736de3843a80733d957d438b2') in 0.018332 seconds 
========================================================================
Received Import Request.
  Time since last request: 0.000020 seconds.
  path: Assets/SimplePoly City - Low Poly Assets/Materials/Building_Fast Food.mat
  artifactKey: Guid(0c04fafcb420315419fdbbeb0fb78464) Importer(815301076,1909f56bfc062723c751e8b465ee728b)
Start importing Assets/SimplePoly City - Low Poly Assets/Materials/Building_Fast Food.mat using Guid(0c04fafcb420315419fdbbeb0fb78464) Importer(815301076,1909f56bfc062723c751e8b465ee728b)  -> (artifact id: 'f189a6d7366a2d469d2a3f4ef2d0822a') in 0.021257 seconds 
========================================================================
Received Import Request.
  Time since last request: 0.000016 seconds.
  path: Assets/SimplePoly City - Low Poly Assets/Materials/Building_House_04_color02.mat
  artifactKey: Guid(5969c1f4dba612842ac19dbf345dd211) Importer(815301076,1909f56bfc062723c751e8b465ee728b)
Start importing Assets/SimplePoly City - Low Poly Assets/Materials/Building_House_04_color02.mat using Guid(5969c1f4dba612842ac19dbf345dd211) Importer(815301076,1909f56bfc062723c751e8b465ee728b)  -> (artifact id: '8376e92882109f6432c71c75b90aed7a') in 0.020962 seconds 
========================================================================
Received Import Request.
  Time since last request: 0.000021 seconds.
  path: Assets/SimplePoly City - Low Poly Assets/Materials/Building_Bar.mat
  artifactKey: Guid(1a8b38fa8ecb06d4b8eadffe456fd574) Importer(815301076,1909f56bfc062723c751e8b465ee728b)
Start importing Assets/SimplePoly City - Low Poly Assets/Materials/Building_Bar.mat using Guid(1a8b38fa8ecb06d4b8eadffe456fd574) Importer(815301076,1909f56bfc062723c751e8b465ee728b)  -> (artifact id: '6eb935341c24764b8fec10986b9e6ee6') in 0.020248 seconds 
========================================================================
Received Import Request.
  Time since last request: 0.000018 seconds.
  path: Assets/SimplePoly City - Low Poly Assets/Materials/Building_Fruits  Shop.mat
  artifactKey: Guid(ae4c28532c8b3154a80bef6e9ca5939c) Importer(815301076,1909f56bfc062723c751e8b465ee728b)
Start importing Assets/SimplePoly City - Low Poly Assets/Materials/Building_Fruits  Shop.mat using Guid(ae4c28532c8b3154a80bef6e9ca5939c) Importer(815301076,1909f56bfc062723c751e8b465ee728b)  -> (artifact id: 'c34892b661b2e10436c51dadb7c581f2') in 0.020948 seconds 
========================================================================
Received Import Request.
  Time since last request: 0.000022 seconds.
  path: Assets/SimplePoly City - Low Poly Assets/Materials/Natures.mat
  artifactKey: Guid(39f651e340882304fa6f21b321d3bea5) Importer(815301076,1909f56bfc062723c751e8b465ee728b)
Start importing Assets/SimplePoly City - Low Poly Assets/Materials/Natures.mat using Guid(39f651e340882304fa6f21b321d3bea5) Importer(815301076,1909f56bfc062723c751e8b465ee728b)  -> (artifact id: 'f5a6d241659922fce405735d0dc8b235') in 0.020222 seconds 
========================================================================
Received Import Request.
  Time since last request: 0.000018 seconds.
  path: Assets/SimplePoly City - Low Poly Assets/Materials/Road Concrete Tile.mat
  artifactKey: Guid(791087fbdef01f44fb204ef3dc5e6db8) Importer(815301076,1909f56bfc062723c751e8b465ee728b)
Start importing Assets/SimplePoly City - Low Poly Assets/Materials/Road Concrete Tile.mat using Guid(791087fbdef01f44fb204ef3dc5e6db8) Importer(815301076,1909f56bfc062723c751e8b465ee728b)  -> (artifact id: '8734f2eed64e22f60802bdf8bbafb80c') in 0.021789 seconds 
========================================================================
Received Import Request.
  Time since last request: 0.000015 seconds.
  path: Assets/SimplePoly City - Low Poly Assets/Materials/Building_Auto Service.mat
  artifactKey: Guid(38ce9279a60381844a3f6a85bac88a3e) Importer(815301076,1909f56bfc062723c751e8b465ee728b)
Start importing Assets/SimplePoly City - Low Poly Assets/Materials/Building_Auto Service.mat using Guid(38ce9279a60381844a3f6a85bac88a3e) Importer(815301076,1909f56bfc062723c751e8b465ee728b)  -> (artifact id: '33e309d37dfe6712c4d6446258eb7cdf') in 0.023358 seconds 
========================================================================
Received Import Request.
  Time since last request: 0.000020 seconds.
  path: Assets/SimplePoly City - Low Poly Assets/Materials/Building_House_01_color02.mat
  artifactKey: Guid(1b289b633b2f4624584f749cf4e5e7f2) Importer(815301076,1909f56bfc062723c751e8b465ee728b)
Start importing Assets/SimplePoly City - Low Poly Assets/Materials/Building_House_01_color02.mat using Guid(1b289b633b2f4624584f749cf4e5e7f2) Importer(815301076,1909f56bfc062723c751e8b465ee728b)  -> (artifact id: '50d7aa26eb5a749c144d83f6d5c50935') in 0.023289 seconds 
========================================================================
Received Import Request.
  Time since last request: 0.000017 seconds.
  path: Assets/SimplePoly City - Low Poly Assets/Materials/Building_House_01_color03.mat
  artifactKey: Guid(b6d73c7816cc2914d8f49ccc54d19714) Importer(815301076,1909f56bfc062723c751e8b465ee728b)
Start importing Assets/SimplePoly City - Low Poly Assets/Materials/Building_House_01_color03.mat using Guid(b6d73c7816cc2914d8f49ccc54d19714) Importer(815301076,1909f56bfc062723c751e8b465ee728b)  -> (artifact id: 'ad31220f67146af9ccd252c108774fe1') in 0.020643 seconds 
========================================================================
Received Import Request.
  Time since last request: 0.000019 seconds.
  path: Assets/SimplePoly City - Low Poly Assets/Materials/Building_House_03_color03.mat
  artifactKey: Guid(0ee6e621355b5ac4da1102c54fbb63d8) Importer(815301076,1909f56bfc062723c751e8b465ee728b)
Start importing Assets/SimplePoly City - Low Poly Assets/Materials/Building_House_03_color03.mat using Guid(0ee6e621355b5ac4da1102c54fbb63d8) Importer(815301076,1909f56bfc062723c751e8b465ee728b)  -> (artifact id: '52cecd30af7e5daf83405b38bdd86899') in 0.020732 seconds 
========================================================================
Received Import Request.
  Time since last request: 0.000018 seconds.
  path: Assets/SimplePoly City - Low Poly Assets/Materials/Building Sky_small_color01.mat
  artifactKey: Guid(cf528230e5d0dcd42ab2d20dcda96917) Importer(815301076,1909f56bfc062723c751e8b465ee728b)
Start importing Assets/SimplePoly City - Low Poly Assets/Materials/Building Sky_small_color01.mat using Guid(cf528230e5d0dcd42ab2d20dcda96917) Importer(815301076,1909f56bfc062723c751e8b465ee728b)  -> (artifact id: '498df48308edaaba2b827a371ccfe139') in 0.023403 seconds 
========================================================================
Received Import Request.
  Time since last request: 0.000018 seconds.
  path: Assets/SimplePoly City - Low Poly Assets/Materials/Building_Music Store.mat
  artifactKey: Guid(82af60631a0969d44b0bf6becad3dc6e) Importer(815301076,1909f56bfc062723c751e8b465ee728b)
Start importing Assets/SimplePoly City - Low Poly Assets/Materials/Building_Music Store.mat using Guid(82af60631a0969d44b0bf6becad3dc6e) Importer(815301076,1909f56bfc062723c751e8b465ee728b)  -> (artifact id: '9f07732422ff51efb3b2eb64a36b536c') in 0.024861 seconds 
========================================================================
Received Import Request.
  Time since last request: 0.000016 seconds.
  path: Assets/SimplePoly City - Low Poly Assets/Materials/Building_Chicken Shop.mat
  artifactKey: Guid(d15e38c8ed480004fbb959137225b569) Importer(815301076,1909f56bfc062723c751e8b465ee728b)
Start importing Assets/SimplePoly City - Low Poly Assets/Materials/Building_Chicken Shop.mat using Guid(d15e38c8ed480004fbb959137225b569) Importer(815301076,1909f56bfc062723c751e8b465ee728b)  -> (artifact id: 'aaafd03f11b98c40c999d9cd20990cb6') in 0.022451 seconds 
========================================================================
Received Import Request.
  Time since last request: 0.000028 seconds.
  path: Assets/SimplePoly City - Low Poly Assets/Materials/Building_Residential_color03.mat
  artifactKey: Guid(503a5bca82bfa754d93ab882c47b76d1) Importer(815301076,1909f56bfc062723c751e8b465ee728b)
Start importing Assets/SimplePoly City - Low Poly Assets/Materials/Building_Residential_color03.mat using Guid(503a5bca82bfa754d93ab882c47b76d1) Importer(815301076,1909f56bfc062723c751e8b465ee728b)  -> (artifact id: '186d4b94495d8557ced3a9abcf4c7dee') in 0.021844 seconds 
========================================================================
Received Import Request.
  Time since last request: 4.693769 seconds.
  path: Assets/SimplePoly City - Low Poly Assets/Prefab/Natures/Natures_Bush_01.prefab
  artifactKey: Guid(31bbda51eeab02f44a8e92a7da2f5ff8) Importer(815301076,1909f56bfc062723c751e8b465ee728b)
Start importing Assets/SimplePoly City - Low Poly Assets/Prefab/Natures/Natures_Bush_01.prefab using Guid(31bbda51eeab02f44a8e92a7da2f5ff8) Importer(815301076,1909f56bfc062723c751e8b465ee728b)  -> (artifact id: 'f3c14e29324ebdb8f8030211902f0876') in 0.029848 seconds 
========================================================================
Received Import Request.
  Time since last request: 0.000018 seconds.
  path: Assets/SimplePoly City - Low Poly Assets/Prefab/Natures/Natures_Grass Fence.prefab
  artifactKey: Guid(b14aef9a05449784da6735de9ec90b24) Importer(815301076,1909f56bfc062723c751e8b465ee728b)
Start importing Assets/SimplePoly City - Low Poly Assets/Prefab/Natures/Natures_Grass Fence.prefab using Guid(b14aef9a05449784da6735de9ec90b24) Importer(815301076,1909f56bfc062723c751e8b465ee728b)  -> (artifact id: 'd04a93ebb6bfc3de99dc78c7660d2392') in 0.022113 seconds 
========================================================================
Received Import Request.
  Time since last request: 0.000026 seconds.
  path: Assets/SimplePoly City - Low Poly Assets/Prefab/Natures/Natures_Pot Bush_small.prefab
  artifactKey: Guid(800befcc62026a34693972077c91698d) Importer(815301076,1909f56bfc062723c751e8b465ee728b)
Start importing Assets/SimplePoly City - Low Poly Assets/Prefab/Natures/Natures_Pot Bush_small.prefab using Guid(800befcc62026a34693972077c91698d) Importer(815301076,1909f56bfc062723c751e8b465ee728b)  -> (artifact id: '913041f41d9130300ead494e0c5de079') in 0.020414 seconds 
========================================================================
Received Import Request.
  Time since last request: 0.000022 seconds.
  path: Assets/SimplePoly City - Low Poly Assets/Prefab/Natures/Natures_Rock_small.prefab
  artifactKey: Guid(9ec25066ec33fa84d9227e27c5f5a8a0) Importer(815301076,1909f56bfc062723c751e8b465ee728b)
Start importing Assets/SimplePoly City - Low Poly Assets/Prefab/Natures/Natures_Rock_small.prefab using Guid(9ec25066ec33fa84d9227e27c5f5a8a0) Importer(815301076,1909f56bfc062723c751e8b465ee728b)  -> (artifact id: '0e14caa8004711b564a313e9b5b7764d') in 0.019328 seconds 
========================================================================
Received Import Request.
  Time since last request: 0.000017 seconds.
  path: Assets/SimplePoly City - Low Poly Assets/Prefab/Natures/Natures_Bush_03.prefab
  artifactKey: Guid(47ea3e3caeb3c2845bbd9339bdc7a282) Importer(815301076,1909f56bfc062723c751e8b465ee728b)
Start importing Assets/SimplePoly City - Low Poly Assets/Prefab/Natures/Natures_Bush_03.prefab using Guid(47ea3e3caeb3c2845bbd9339bdc7a282) Importer(815301076,1909f56bfc062723c751e8b465ee728b)  -> (artifact id: '3e38191be933cdcd4578626976cbb725') in 0.019714 seconds 
========================================================================
Received Import Request.
  Time since last request: 0.000015 seconds.
  path: Assets/SimplePoly City - Low Poly Assets/Prefab/Natures/Natures_Grass Bar.prefab
  artifactKey: Guid(c07ada992c3586e4dbf557bc4b8718cf) Importer(815301076,1909f56bfc062723c751e8b465ee728b)
Start importing Assets/SimplePoly City - Low Poly Assets/Prefab/Natures/Natures_Grass Bar.prefab using Guid(c07ada992c3586e4dbf557bc4b8718cf) Importer(815301076,1909f56bfc062723c751e8b465ee728b)  -> (artifact id: '27149c477f039269ae7fda66775d16a6') in 0.021715 seconds 
========================================================================
Received Import Request.
  Time since last request: 0.000015 seconds.
  path: Assets/SimplePoly City - Low Poly Assets/Prefab/Natures/Natures_Bush_02.prefab
  artifactKey: Guid(f75f232634166cc459a69e7fd7a30880) Importer(815301076,1909f56bfc062723c751e8b465ee728b)
Start importing Assets/SimplePoly City - Low Poly Assets/Prefab/Natures/Natures_Bush_02.prefab using Guid(f75f232634166cc459a69e7fd7a30880) Importer(815301076,1909f56bfc062723c751e8b465ee728b)  -> (artifact id: 'a365f10e8f9cdbc3272525e8bc378fe1') in 0.021329 seconds 
========================================================================
Received Import Request.
  Time since last request: 59.357631 seconds.
  path: Assets/SimplePoly City - Low Poly Assets/Prefab/Vehicles/Vehicle with Static Wheels/Vehicle_Bus_color02.prefab
  artifactKey: Guid(79ef5961b86276943ab5da38ae9f2e4b) Importer(815301076,1909f56bfc062723c751e8b465ee728b)
Start importing Assets/SimplePoly City - Low Poly Assets/Prefab/Vehicles/Vehicle with Static Wheels/Vehicle_Bus_color02.prefab using Guid(79ef5961b86276943ab5da38ae9f2e4b) Importer(815301076,1909f56bfc062723c751e8b465ee728b)  -> (artifact id: '5177be5993061a88ae2689bf3a67a525') in 0.030372 seconds 
========================================================================
Received Import Request.
  Time since last request: 0.000021 seconds.
  path: Assets/SimplePoly City - Low Poly Assets/Prefab/Vehicles/Vehicle with Static Wheels/Vehicle_Pick up Truck_color02.prefab
  artifactKey: Guid(81c050d9e127fdd45af1f6b8da476b2b) Importer(815301076,1909f56bfc062723c751e8b465ee728b)
Start importing Assets/SimplePoly City - Low Poly Assets/Prefab/Vehicles/Vehicle with Static Wheels/Vehicle_Pick up Truck_color02.prefab using Guid(81c050d9e127fdd45af1f6b8da476b2b) Importer(815301076,1909f56bfc062723c751e8b465ee728b)  -> (artifact id: '11b1d2efcb868166ad1efcdcb235f35d') in 0.026605 seconds 
========================================================================
Received Import Request.
  Time since last request: 0.000018 seconds.
  path: Assets/SimplePoly City - Low Poly Assets/Prefab/Vehicles/Vehicle with Static Wheels/Vehicle_Container_color03.prefab
  artifactKey: Guid(d20839e362efa3d4baa3d2ce1b4f2df4) Importer(815301076,1909f56bfc062723c751e8b465ee728b)
Start importing Assets/SimplePoly City - Low Poly Assets/Prefab/Vehicles/Vehicle with Static Wheels/Vehicle_Container_color03.prefab using Guid(d20839e362efa3d4baa3d2ce1b4f2df4) Importer(815301076,1909f56bfc062723c751e8b465ee728b)  -> (artifact id: '06cd48b2efd7c970de67691ce5cfa5f7') in 0.028783 seconds 
========================================================================
Received Import Request.
  Time since last request: 0.000016 seconds.
  path: Assets/SimplePoly City - Low Poly Assets/Prefab/Vehicles/Vehicle with Static Wheels/Vehicle_Police Car.prefab
  artifactKey: Guid(1af0a2c8773f85c40bdb120f32cd8a8a) Importer(815301076,1909f56bfc062723c751e8b465ee728b)
Start importing Assets/SimplePoly City - Low Poly Assets/Prefab/Vehicles/Vehicle with Static Wheels/Vehicle_Police Car.prefab using Guid(1af0a2c8773f85c40bdb120f32cd8a8a) Importer(815301076,1909f56bfc062723c751e8b465ee728b)  -> (artifact id: '16c3ba8886af7cb4479965847bf3ced6') in 0.048769 seconds 
========================================================================
Received Import Request.
  Time since last request: 0.000017 seconds.
  path: Assets/SimplePoly City - Low Poly Assets/Prefab/Vehicles/Vehicle with Static Wheels/Vehicle_Car_color01.prefab
  artifactKey: Guid(a119eb0fa059db34bbaef286c1af1696) Importer(815301076,1909f56bfc062723c751e8b465ee728b)
Start importing Assets/SimplePoly City - Low Poly Assets/Prefab/Vehicles/Vehicle with Static Wheels/Vehicle_Car_color01.prefab using Guid(a119eb0fa059db34bbaef286c1af1696) Importer(815301076,1909f56bfc062723c751e8b465ee728b)  -> (artifact id: 'c5ef1f9b6e329fa09f1020cef951a208') in 0.029194 seconds 
========================================================================
Received Import Request.
  Time since last request: 0.000028 seconds.
  path: Assets/SimplePoly City - Low Poly Assets/Prefab/Vehicles/Vehicle with Static Wheels/Vehicle_Truck_color02.prefab
  artifactKey: Guid(e218686c5655fad46a02ebfb004972ee) Importer(815301076,1909f56bfc062723c751e8b465ee728b)
Start importing Assets/SimplePoly City - Low Poly Assets/Prefab/Vehicles/Vehicle with Static Wheels/Vehicle_Truck_color02.prefab using Guid(e218686c5655fad46a02ebfb004972ee) Importer(815301076,1909f56bfc062723c751e8b465ee728b)  -> (artifact id: '90d35fe362076062091e434645e3a165') in 0.024825 seconds 
========================================================================
Received Import Request.
  Time since last request: 0.000018 seconds.
  path: Assets/SimplePoly City - Low Poly Assets/Prefab/Vehicles/Vehicle with Static Wheels/Vehicle_Bus_color03.prefab
  artifactKey: Guid(f269a0a343ed94c4e908a388c940ea06) Importer(815301076,1909f56bfc062723c751e8b465ee728b)
Start importing Assets/SimplePoly City - Low Poly Assets/Prefab/Vehicles/Vehicle with Static Wheels/Vehicle_Bus_color03.prefab using Guid(f269a0a343ed94c4e908a388c940ea06) Importer(815301076,1909f56bfc062723c751e8b465ee728b)  -> (artifact id: '76554efb78b5adc390b47d2f5baa2ebd') in 0.024236 seconds 
========================================================================
Received Import Request.
  Time since last request: 0.000014 seconds.
  path: Assets/SimplePoly City - Low Poly Assets/Prefab/Vehicles/Vehicle with Static Wheels/Vehicle_Pick up Truck_color01.prefab
  artifactKey: Guid(93d0d450ec8b42e46b724bf2bbee330b) Importer(815301076,1909f56bfc062723c751e8b465ee728b)
Start importing Assets/SimplePoly City - Low Poly Assets/Prefab/Vehicles/Vehicle with Static Wheels/Vehicle_Pick up Truck_color01.prefab using Guid(93d0d450ec8b42e46b724bf2bbee330b) Importer(815301076,1909f56bfc062723c751e8b465ee728b)  -> (artifact id: '7de08e8c3d098da8fb9de7803963f777') in 0.024462 seconds 
========================================================================
Received Import Request.
  Time since last request: 4.239421 seconds.
  path: Assets/SimplePoly City - Low Poly Assets/Prefab/Vehicles/Vehicle with Separated Wheels/Vehicle_Bus_color02_separate.prefab
  artifactKey: Guid(3cfde9a41ff096140a1bfec6f262d0f0) Importer(815301076,1909f56bfc062723c751e8b465ee728b)
Start importing Assets/SimplePoly City - Low Poly Assets/Prefab/Vehicles/Vehicle with Separated Wheels/Vehicle_Bus_color02_separate.prefab using Guid(3cfde9a41ff096140a1bfec6f262d0f0) Importer(815301076,1909f56bfc062723c751e8b465ee728b)  -> (artifact id: '39083583810f248d1159dbd8b5e9985f') in 0.021125 seconds 
========================================================================
Received Import Request.
  Time since last request: 0.000016 seconds.
  path: Assets/SimplePoly City - Low Poly Assets/Prefab/Vehicles/Vehicle with Separated Wheels/Vehicle_SUV_color03_separate.prefab
  artifactKey: Guid(f0ffa104f4ba20b40a0421d7c2b5f098) Importer(815301076,1909f56bfc062723c751e8b465ee728b)
Start importing Assets/SimplePoly City - Low Poly Assets/Prefab/Vehicles/Vehicle with Separated Wheels/Vehicle_SUV_color03_separate.prefab using Guid(f0ffa104f4ba20b40a0421d7c2b5f098) Importer(815301076,1909f56bfc062723c751e8b465ee728b)  -> (artifact id: 'abddf1d079584f258d2b3f034e2bca0a') in 0.021426 seconds 
========================================================================
Received Import Request.
  Time since last request: 0.000015 seconds.
  path: Assets/SimplePoly City - Low Poly Assets/Prefab/Vehicles/Vehicle with Separated Wheels/Vehicle_Pick up Truck_color01_separate.prefab
  artifactKey: Guid(fc2b2b65264c13f48a615fa7dbc2ef24) Importer(815301076,1909f56bfc062723c751e8b465ee728b)
Start importing Assets/SimplePoly City - Low Poly Assets/Prefab/Vehicles/Vehicle with Separated Wheels/Vehicle_Pick up Truck_color01_separate.prefab using Guid(fc2b2b65264c13f48a615fa7dbc2ef24) Importer(815301076,1909f56bfc062723c751e8b465ee728b)  -> (artifact id: '4377e50cbc057e574314a3780c21e66c') in 0.021491 seconds 
========================================================================
Received Import Request.
  Time since last request: 0.000017 seconds.
  path: Assets/SimplePoly City - Low Poly Assets/Prefab/Vehicles/Vehicle with Separated Wheels/Vehicle_Container_color02_separate.prefab
  artifactKey: Guid(025a3497fa872fe4ebfed7edb8eb310c) Importer(815301076,1909f56bfc062723c751e8b465ee728b)
Start importing Assets/SimplePoly City - Low Poly Assets/Prefab/Vehicles/Vehicle with Separated Wheels/Vehicle_Container_color02_separate.prefab using Guid(025a3497fa872fe4ebfed7edb8eb310c) Importer(815301076,1909f56bfc062723c751e8b465ee728b)  -> (artifact id: '038e0b6555fd8904ac053edb7368ce2a') in 0.021209 seconds 
========================================================================
Received Import Request.
  Time since last request: 0.000018 seconds.
  path: Assets/SimplePoly City - Low Poly Assets/Prefab/Vehicles/Vehicle with Separated Wheels/Vehicle_Container_color03_separate.prefab
  artifactKey: Guid(a8a6e2e210e71bc4ab5ba85122928ac8) Importer(815301076,1909f56bfc062723c751e8b465ee728b)
Start importing Assets/SimplePoly City - Low Poly Assets/Prefab/Vehicles/Vehicle with Separated Wheels/Vehicle_Container_color03_separate.prefab using Guid(a8a6e2e210e71bc4ab5ba85122928ac8) Importer(815301076,1909f56bfc062723c751e8b465ee728b)  -> (artifact id: '7aa6891828212068c3f3caea1d94dcdf') in 0.018381 seconds 
========================================================================
Received Import Request.
  Time since last request: 0.000033 seconds.
  path: Assets/SimplePoly City - Low Poly Assets/Prefab/Vehicles/Vehicle with Separated Wheels/Vehicle_SUV_color01_separate.prefab
  artifactKey: Guid(1dabf884aa0716149a1bc775f0b620d8) Importer(815301076,1909f56bfc062723c751e8b465ee728b)
Start importing Assets/SimplePoly City - Low Poly Assets/Prefab/Vehicles/Vehicle with Separated Wheels/Vehicle_SUV_color01_separate.prefab using Guid(1dabf884aa0716149a1bc775f0b620d8) Importer(815301076,1909f56bfc062723c751e8b465ee728b)  -> (artifact id: '2ed45b4b742f639ca05aa0be79a869d2') in 0.017798 seconds 
========================================================================
Received Import Request.
  Time since last request: 0.000018 seconds.
  path: Assets/SimplePoly City - Low Poly Assets/Prefab/Vehicles/Vehicle with Separated Wheels/Vehicle_SUV_color02_separate.prefab
  artifactKey: Guid(a7cd9ad30e9d4c146986aa1e6694b9e5) Importer(815301076,1909f56bfc062723c751e8b465ee728b)
Start importing Assets/SimplePoly City - Low Poly Assets/Prefab/Vehicles/Vehicle with Separated Wheels/Vehicle_SUV_color02_separate.prefab using Guid(a7cd9ad30e9d4c146986aa1e6694b9e5) Importer(815301076,1909f56bfc062723c751e8b465ee728b)  -> (artifact id: '136e70221fdbc8f3efb22815438513d6') in 0.017945 seconds 
Editor requested this worker to shutdown with reason: Scaling down because of idle timeout
AssetImportWorker is now disconnected from the server
Process exiting
Exiting without the bug reporter. Application will terminate with return code 0